c:\dev\mario clone\mario clone\map builder\x64\release\vc143.pdb
c:\dev\mario clone\mario clone\map builder\x64\release\imgui_widgets.obj
c:\dev\mario clone\mario clone\map builder\x64\release\imgui_tables.obj
c:\dev\mario clone\mario clone\map builder\x64\release\imgui_impl_opengl3.obj
c:\dev\mario clone\mario clone\map builder\x64\release\imgui_impl_glfw.obj
c:\dev\mario clone\mario clone\map builder\x64\release\imgui_draw.obj
c:\dev\mario clone\mario clone\map builder\x64\release\imgui_demo.obj
c:\dev\mario clone\mario clone\map builder\x64\release\imgui.obj
c:\dev\mario clone\mario clone\map builder\x64\release\textures.obj
c:\dev\mario clone\mario clone\map builder\x64\release\openglinit.obj
c:\dev\mario clone\mario clone\map builder\x64\release\map.obj
c:\dev\mario clone\mario clone\map builder\x64\release\menu.obj
c:\dev\mario clone\mario clone\map builder\x64\release\vertexbuffer.obj
c:\dev\mario clone\mario clone\map builder\x64\release\vertexarray.obj
c:\dev\mario clone\mario clone\map builder\x64\release\texture.obj
c:\dev\mario clone\mario clone\map builder\x64\release\shader.obj
c:\dev\mario clone\mario clone\map builder\x64\release\renderer.obj
c:\dev\mario clone\mario clone\map builder\x64\release\indexbuffer.obj
c:\dev\mario clone\mario clone\map builder\x64\release\glm.obj
c:\dev\mario clone\mario clone\x64\release\map builder.exe
c:\dev\mario clone\mario clone\map builder\x64\release\map builder.ipdb
c:\dev\mario clone\mario clone\x64\release\map builder.pdb
c:\dev\mario clone\mario clone\map builder\x64\release\map builder.iobj
c:\dev\mario clone\mario clone\map builder\x64\release\map builder.tlog\cl.command.1.tlog
c:\dev\mario clone\mario clone\map builder\x64\release\map builder.tlog\cl.read.1.tlog
c:\dev\mario clone\mario clone\map builder\x64\release\map builder.tlog\cl.write.1.tlog
c:\dev\mario clone\mario clone\map builder\x64\release\map builder.tlog\link.command.1.tlog
c:\dev\mario clone\mario clone\map builder\x64\release\map builder.tlog\link.read.1.tlog
c:\dev\mario clone\mario clone\map builder\x64\release\map builder.tlog\link.write.1.tlog
