c:\dev\mario clone\mario clone\mario clone\x64\debug\vc143.pdb
c:\dev\mario clone\mario clone\mario clone\x64\debug\vc143.idb
c:\dev\mario clone\mario clone\mario clone\x64\debug\stb_image.obj
c:\dev\mario clone\mario clone\mario clone\x64\debug\vertexbuffer.obj
c:\dev\mario clone\mario clone\mario clone\x64\debug\vertexarray.obj
c:\dev\mario clone\mario clone\mario clone\x64\debug\texture.obj
c:\dev\mario clone\mario clone\mario clone\x64\debug\shader.obj
c:\dev\mario clone\mario clone\mario clone\x64\debug\renderer.obj
c:\dev\mario clone\mario clone\mario clone\x64\debug\indexbuffer.obj
c:\dev\mario clone\mario clone\mario clone\x64\debug\glm.obj
c:\dev\mario clone\mario clone\mario clone\x64\debug\openglinit.obj
c:\dev\mario clone\mario clone\mario clone\x64\debug\textures.obj
c:\dev\mario clone\mario clone\x64\debug\mario clone.exe
c:\dev\mario clone\mario clone\mario clone\x64\debug\mario clone.ilk
c:\dev\mario clone\mario clone\x64\debug\mario clone.pdb
c:\dev\mario clone\mario clone\mario clone\x64\debug\mario clone.tlog\cl.command.1.tlog
c:\dev\mario clone\mario clone\mario clone\x64\debug\mario clone.tlog\cl.read.1.tlog
c:\dev\mario clone\mario clone\mario clone\x64\debug\mario clone.tlog\cl.write.1.tlog
c:\dev\mario clone\mario clone\mario clone\x64\debug\mario clone.tlog\link.command.1.tlog
c:\dev\mario clone\mario clone\mario clone\x64\debug\mario clone.tlog\link.read.1.tlog
c:\dev\mario clone\mario clone\mario clone\x64\debug\mario clone.tlog\link.write.1.tlog
