c:\dev\mario clone\mario clone\mario clone\x64\release\vc143.pdb
c:\dev\mario clone\mario clone\mario clone\x64\release\textures.obj
c:\dev\mario clone\mario clone\mario clone\x64\release\stb_image.obj
c:\dev\mario clone\mario clone\mario clone\x64\release\vertexbuffer.obj
c:\dev\mario clone\mario clone\mario clone\x64\release\vertexarray.obj
c:\dev\mario clone\mario clone\mario clone\x64\release\texture.obj
c:\dev\mario clone\mario clone\mario clone\x64\release\shader.obj
c:\dev\mario clone\mario clone\mario clone\x64\release\renderer.obj
c:\dev\mario clone\mario clone\mario clone\x64\release\indexbuffer.obj
c:\dev\mario clone\mario clone\mario clone\x64\release\glm.obj
c:\dev\mario clone\mario clone\mario clone\x64\release\openglinit.obj
c:\dev\mario clone\mario clone\mario clone\x64\release\map.obj
c:\dev\mario clone\mario clone\x64\release\mario clone.exe
c:\dev\mario clone\mario clone\mario clone\x64\release\mario clone.ipdb
c:\dev\mario clone\mario clone\x64\release\mario clone.pdb
c:\dev\mario clone\mario clone\mario clone\x64\release\mario clone.iobj
c:\dev\mario clone\mario clone\mario clone\x64\release\mario clone.tlog\cl.command.1.tlog
c:\dev\mario clone\mario clone\mario clone\x64\release\mario clone.tlog\cl.read.1.tlog
c:\dev\mario clone\mario clone\mario clone\x64\release\mario clone.tlog\cl.write.1.tlog
c:\dev\mario clone\mario clone\mario clone\x64\release\mario clone.tlog\link.command.1.tlog
c:\dev\mario clone\mario clone\mario clone\x64\release\mario clone.tlog\link.read.1.tlog
c:\dev\mario clone\mario clone\mario clone\x64\release\mario clone.tlog\link.write.1.tlog
