c:\dev\mario clone\mario clone\map builder\x64\debug\vc143.pdb
c:\dev\mario clone\mario clone\map builder\x64\debug\vc143.idb
c:\dev\mario clone\mario clone\map builder\x64\debug\imgui_widgets.obj
c:\dev\mario clone\mario clone\map builder\x64\debug\imgui_tables.obj
c:\dev\mario clone\mario clone\map builder\x64\debug\imgui_impl_opengl3.obj
c:\dev\mario clone\mario clone\map builder\x64\debug\imgui_impl_glfw.obj
c:\dev\mario clone\mario clone\map builder\x64\debug\imgui_draw.obj
c:\dev\mario clone\mario clone\map builder\x64\debug\imgui_demo.obj
c:\dev\mario clone\mario clone\map builder\x64\debug\imgui.obj
c:\dev\mario clone\mario clone\map builder\x64\debug\map.obj
c:\dev\mario clone\mario clone\map builder\x64\debug\textures.obj
c:\dev\mario clone\mario clone\map builder\x64\debug\openglinit.obj
c:\dev\mario clone\mario clone\map builder\x64\debug\menu.obj
c:\dev\mario clone\mario clone\x64\debug\map builder.exe
c:\dev\mario clone\mario clone\map builder\x64\debug\map builder.ilk
c:\dev\mario clone\mario clone\x64\debug\map builder.pdb
c:\dev\mario clone\mario clone\map builder\x64\debug\openglinitialization.obj
c:\dev\mario clone\mario clone\map builder\x64\debug\map.obj.enc
c:\dev\mario clone\mario clone\map builder\x64\debug\map builder.tlog\cl.command.1.tlog
c:\dev\mario clone\mario clone\map builder\x64\debug\map builder.tlog\cl.read.1.tlog
c:\dev\mario clone\mario clone\map builder\x64\debug\map builder.tlog\cl.write.1.tlog
c:\dev\mario clone\mario clone\map builder\x64\debug\map builder.tlog\link.command.1.tlog
c:\dev\mario clone\mario clone\map builder\x64\debug\map builder.tlog\link.read.1.tlog
c:\dev\mario clone\mario clone\map builder\x64\debug\map builder.tlog\link.write.1.tlog
